[2018-07-02 15:54:53] local.ERROR: exception 'Symfony\Component\Debug\Exception\FatalErrorException' with message 'syntax error, unexpected '<'' in C:\wamp\www\laravel5\storage\framework\views\aec3fcc63dd9729b41db4d84be3e79ee3ac6ca8d.php:48
Stack trace:
#0 C:\wamp\www\laravel5\vendor\laravel\framework\src\Illuminate\Foundation\Bootstrap\HandleExceptions.php(133): Symfony\Component\Debug\Exception\FatalErrorException->__construct()
#1 C:\wamp\www\laravel5\vendor\laravel\framework\src\Illuminate\Foundation\Bootstrap\HandleExceptions.php(118): Illuminate\Foundation\Bootstrap\HandleExceptions->fatalExceptionFromError()
#2 C:\wamp\www\laravel5\vendor\laravel\framework\src\Illuminate\Foundation\Bootstrap\HandleExceptions.php(0): Illuminate\Foundation\Bootstrap\HandleExceptions->handleShutdown()
#3 C:\wamp\www\laravel5\vendor\laravel\framework\src\Illuminate\View\Engines\CompilerEngine.php(59): Illuminate\View\Engines\PhpEngine->evaluatePath()
#4 C:\wamp\www\laravel5\vendor\laravel\framework\src\Illuminate\View\View.php(149): Illuminate\View\Engines\CompilerEngine->get()
#5 C:\wamp\www\laravel5\vendor\laravel\framework\src\Illuminate\View\View.php(120): Illuminate\View\View->getContents()
#6 C:\wamp\www\laravel5\vendor\laravel\framework\src\Illuminate\View\View.php(85): Illuminate\View\View->renderContents()
#7 C:\wamp\www\laravel5\vendor\laravel\framework\src\Illuminate\Http\Response.php(53): Illuminate\View\View->render()
#8 C:\wamp\www\laravel5\vendor\symfony\http-foundation\Response.php(201): Illuminate\Http\Response->setContent()
#9 C:\wamp\www\laravel5\vendor\laravel\framework\src\Illuminate\Routing\Router.php(1085): Symfony\Component\HttpFoundation\Response->__construct()
#10 C:\wamp\www\laravel5\vendor\laravel\framework\src\Illuminate\Routing\Router.php(725): Illuminate\Routing\Router->prepareResponse()
#11 C:\wamp\www\laravel5\vendor\laravel\framework\src\Illuminate\Routing\Pipeline.php(52): Illuminate\Routing\Router->Illuminate\Routing\{closure}()
#12 C:\wamp\www\laravel5\vendor\laravel\framework\src\Illuminate\Routing\Pipeline.php(52): call_user_func:{C:\wamp\www\laravel5\vendor\laravel\framework\src\Illuminate\Routing\Pipeline.php:52}()
#13 C:\wamp\www\laravel5\vendor\laravel\framework\src\Illuminate\Foundation\Http\Middleware\VerifyCsrfToken.php(64): Illuminate\Routing\Pipeline->Illuminate\Routing\{closure}()
#14 C:\wamp\www\laravel5\vendor\laravel\framework\src\Illuminate\Pipeline\Pipeline.php(136): Illuminate\Foundation\Http\Middleware\VerifyCsrfToken->handle()
#15 C:\wamp\www\laravel5\vendor\laravel\framework\src\Illuminate\Pipeline\Pipeline.php(136): call_user_func_array:{C:\wamp\www\laravel5\vendor\laravel\framework\src\Illuminate\Pipeline\Pipeline.php:136}()
#16 C:\wamp\www\laravel5\vendor\laravel\framework\src\Illuminate\Routing\Pipeline.php(32): Illuminate\Pipeline\Pipeline->Illuminate\Pipeline\{closure}()
#17 C:\wamp\www\laravel5\vendor\laravel\framework\src\Illuminate\Routing\Pipeline.php(32): call_user_func:{C:\wamp\www\laravel5\vendor\laravel\framework\src\Illuminate\Routing\Pipeline.php:32}()
#18 C:\wamp\www\laravel5\vendor\laravel\framework\src\Illuminate\View\Middleware\ShareErrorsFromSession.php(49): Illuminate\Routing\Pipeline->Illuminate\Routing\{closure}()
#19 C:\wamp\www\laravel5\vendor\laravel\framework\src\Illuminate\Pipeline\Pipeline.php(136): Illuminate\View\Middleware\ShareErrorsFromSession->handle()
#20 C:\wamp\www\laravel5\vendor\laravel\framework\src\Illuminate\Pipeline\Pipeline.php(136): call_user_func_array:{C:\wamp\www\laravel5\vendor\laravel\framework\src\Illuminate\Pipeline\Pipeline.php:136}()
#21 C:\wamp\www\laravel5\vendor\laravel\framework\src\Illuminate\Routing\Pipeline.php(32): Illuminate\Pipeline\Pipeline->Illuminate\Pipeline\{closure}()
#22 C:\wamp\www\laravel5\vendor\laravel\framework\src\Illuminate\Routing\Pipeline.php(32): call_user_func:{C:\wamp\www\laravel5\vendor\laravel\framework\src\Illuminate\Routing\Pipeline.php:32}()
#23 C:\wamp\www\laravel5\vendor\laravel\framework\src\Illuminate\Session\Middleware\StartSession.php(64): Illuminate\Routing\Pipeline->Illuminate\Routing\{closure}()
#24 C:\wamp\www\laravel5\vendor\laravel\framework\src\Illuminate\Pipeline\Pipeline.php(136): Illuminate\Session\Middleware\StartSession->handle()
#25 C:\wamp\www\laravel5\vendor\laravel\framework\src\Illuminate\Pipeline\Pipeline.php(136): call_user_func_array:{C:\wamp\www\laravel5\vendor\laravel\framework\src\Illuminate\Pipeline\Pipeline.php:136}()
#26 C:\wamp\www\laravel5\vendor\laravel\framework\src\Illuminate\Routing\Pipeline.php(32): Illuminate\Pipeline\Pipeline->Illuminate\Pipeline\{closure}()
#27 C:\wamp\www\laravel5\vendor\laravel\framework\src\Illuminate\Routing\Pipeline.php(32): call_user_func:{C:\wamp\www\laravel5\vendor\laravel\framework\src\Illuminate\Routing\Pipeline.php:32}()
#28 C:\wamp\www\laravel5\vendor\laravel\framework\src\Illuminate\Cookie\Middleware\AddQueuedCookiesToResponse.php(37): Illuminate\Routing\Pipeline->Illuminate\Routing\{closure}()
#29 C:\wamp\www\laravel5\vendor\laravel\framework\src\Illuminate\Pipeline\Pipeline.php(136): Illuminate\Cookie\Middleware\AddQueuedCookiesToResponse->handle()
#30 C:\wamp\www\laravel5\vendor\laravel\framework\src\Illuminate\Pipeline\Pipeline.php(136): call_user_func_array:{C:\wamp\www\laravel5\vendor\laravel\framework\src\Illuminate\Pipeline\Pipeline.php:136}()
#31 C:\wamp\www\laravel5\vendor\laravel\framework\src\Illuminate\Routing\Pipeline.php(32): Illuminate\Pipeline\Pipeline->Illuminate\Pipeline\{closure}()
#32 C:\wamp\www\laravel5\vendor\laravel\framework\src\Illuminate\Routing\Pipeline.php(32): call_user_func:{C:\wamp\www\laravel5\vendor\laravel\framework\src\Illuminate\Routing\Pipeline.php:32}()
#33 C:\wamp\www\laravel5\vendor\laravel\framework\src\Illuminate\Cookie\Middleware\EncryptCookies.php(59): Illuminate\Routing\Pipeline->Illuminate\Routing\{closure}()
#34 C:\wamp\www\laravel5\vendor\laravel\framework\src\Illuminate\Pipeline\Pipeline.php(136): Illuminate\Cookie\Middleware\EncryptCookies->handle()
#35 C:\wamp\www\laravel5\vendor\laravel\framework\src\Illuminate\Pipeline\Pipeline.php(136): call_user_func_array:{C:\wamp\www\laravel5\vendor\laravel\framework\src\Illuminate\Pipeline\Pipeline.php:136}()
#36 C:\wamp\www\laravel5\vendor\laravel\framework\src\Illuminate\Routing\Pipeline.php(32): Illuminate\Pipeline\Pipeline->Illuminate\Pipeline\{closure}()
#37 C:\wamp\www\laravel5\vendor\laravel\framework\src\Illuminate\Routing\Pipeline.php(32): call_user_func:{C:\wamp\www\laravel5\vendor\laravel\framework\src\Illuminate\Routing\Pipeline.php:32}()
#38 C:\wamp\www\laravel5\vendor\laravel\framework\src\Illuminate\Pipeline\Pipeline.php(103): Illuminate\Routing\Pipeline->Illuminate\Routing\{closure}()
#39 C:\wamp\www\laravel5\vendor\laravel\framework\src\Illuminate\Pipeline\Pipeline.php(103): call_user_func:{C:\wamp\www\laravel5\vendor\laravel\framework\src\Illuminate\Pipeline\Pipeline.php:103}()
#40 C:\wamp\www\laravel5\vendor\laravel\framework\src\Illuminate\Routing\Router.php(726): Illuminate\Pipeline\Pipeline->then()
#41 C:\wamp\www\laravel5\vendor\laravel\framework\src\Illuminate\Routing\Router.php(699): Illuminate\Routing\Router->runRouteWithinStack()
#42 C:\wamp\www\laravel5\vendor\laravel\framework\src\Illuminate\Routing\Router.php(675): Illuminate\Routing\Router->dispatchToRoute()
#43 C:\wamp\www\laravel5\vendor\laravel\framework\src\Illuminate\Foundation\Http\Kernel.php(246): Illuminate\Routing\Router->dispatch()
#44 C:\wamp\www\laravel5\vendor\laravel\framework\src\Illuminate\Routing\Pipeline.php(52): Illuminate\Foundation\Http\Kernel->Illuminate\Foundation\Http\{closure}()
#45 C:\wamp\www\laravel5\vendor\laravel\framework\src\Illuminate\Routing\Pipeline.php(52): call_user_func:{C:\wamp\www\laravel5\vendor\laravel\framework\src\Illuminate\Routing\Pipeline.php:52}()
#46 C:\wamp\www\laravel5\vendor\laravel\framework\src\Illuminate\Foundation\Http\Middleware\CheckForMaintenanceMode.php(44): Illuminate\Routing\Pipeline->Illuminate\Routing\{closure}()
#47 C:\wamp\www\laravel5\vendor\laravel\framework\src\Illuminate\Pipeline\Pipeline.php(136): Illuminate\Foundation\Http\Middleware\CheckForMaintenanceMode->handle()
#48 C:\wamp\www\laravel5\vendor\laravel\framework\src\Illuminate\Pipeline\Pipeline.php(136): call_user_func_array:{C:\wamp\www\laravel5\vendor\laravel\framework\src\Illuminate\Pipeline\Pipeline.php:136}()
#49 C:\wamp\www\laravel5\vendor\laravel\framework\src\Illuminate\Routing\Pipeline.php(32): Illuminate\Pipeline\Pipeline->Illuminate\Pipeline\{closure}()
#50 C:\wamp\www\laravel5\vendor\laravel\framework\src\Illuminate\Routing\Pipeline.php(32): call_user_func:{C:\wamp\www\laravel5\vendor\laravel\framework\src\Illuminate\Routing\Pipeline.php:32}()
#51 C:\wamp\www\laravel5\vendor\laravel\framework\src\Illuminate\Pipeline\Pipeline.php(103): Illuminate\Routing\Pipeline->Illuminate\Routing\{closure}()
#52 C:\wamp\www\laravel5\vendor\laravel\framework\src\Illuminate\Pipeline\Pipeline.php(103): call_user_func:{C:\wamp\www\laravel5\vendor\laravel\framework\src\Illuminate\Pipeline\Pipeline.php:103}()
#53 C:\wamp\www\laravel5\vendor\laravel\framework\src\Illuminate\Foundation\Http\Kernel.php(132): Illuminate\Pipeline\Pipeline->then()
#54 C:\wamp\www\laravel5\vendor\laravel\framework\src\Illuminate\Foundation\Http\Kernel.php(99): Illuminate\Foundation\Http\Kernel->sendRequestThroughRouter()
#55 C:\wamp\www\laravel5\public\index.php(54): Illuminate\Foundation\Http\Kernel->handle()
#56 C:\wamp\www\laravel5\public\index.php(0): {main}()
#57 {main}  
[2018-07-02 16:08:56] local.ERROR: exception 'Symfony\Component\Debug\Exception\FatalErrorException' with message 'syntax error, unexpected '<'' in C:\wamp\www\laravel5\app\Http\routes.php:18
Stack trace:
#0 C:\wamp\www\laravel5\vendor\laravel\framework\src\Illuminate\Foundation\Bootstrap\HandleExceptions.php(133): Symfony\Component\Debug\Exception\FatalErrorException->__construct()
#1 C:\wamp\www\laravel5\vendor\laravel\framework\src\Illuminate\Foundation\Bootstrap\HandleExceptions.php(118): Illuminate\Foundation\Bootstrap\HandleExceptions->fatalExceptionFromError()
#2 C:\wamp\www\laravel5\vendor\laravel\framework\src\Illuminate\Foundation\Bootstrap\HandleExceptions.php(0): Illuminate\Foundation\Bootstrap\HandleExceptions->handleShutdown()
#3 C:\wamp\www\laravel5\vendor\laravel\framework\src\Illuminate\Routing\Router.php(398): App\Providers\RouteServiceProvider->App\Providers\{closure}()
#4 C:\wamp\www\laravel5\vendor\laravel\framework\src\Illuminate\Routing\Router.php(398): call_user_func:{C:\wamp\www\laravel5\vendor\laravel\framework\src\Illuminate\Routing\Router.php:398}()
#5 C:\wamp\www\laravel5\app\Providers\RouteServiceProvider.php(59): Illuminate\Routing\Router->group()
#6 C:\wamp\www\laravel5\app\Providers\RouteServiceProvider.php(40): App\Providers\RouteServiceProvider->mapWebRoutes()
#7 C:\wamp\www\laravel5\vendor\laravel\framework\src\Illuminate\Container\Container.php(507): App\Providers\RouteServiceProvider->map()
#8 C:\wamp\www\laravel5\vendor\laravel\framework\src\Illuminate\Container\Container.php(507): call_user_func_array:{C:\wamp\www\laravel5\vendor\laravel\framework\src\Illuminate\Container\Container.php:507}()
#9 C:\wamp\www\laravel5\vendor\laravel\framework\src\Illuminate\Foundation\Support\Providers\RouteServiceProvider.php(72): Illuminate\Container\Container->call()
#10 C:\wamp\www\laravel5\vendor\laravel\framework\src\Illuminate\Foundation\Support\Providers\RouteServiceProvider.php(31): Illuminate\Foundation\Support\Providers\RouteServiceProvider->loadRoutes()
#11 C:\wamp\www\laravel5\app\Providers\RouteServiceProvider.php(29): Illuminate\Foundation\Support\Providers\RouteServiceProvider->boot()
#12 C:\wamp\www\laravel5\vendor\laravel\framework\src\Illuminate\Container\Container.php(507): App\Providers\RouteServiceProvider->boot()
#13 C:\wamp\www\laravel5\vendor\laravel\framework\src\Illuminate\Container\Container.php(507): call_user_func_array:{C:\wamp\www\laravel5\vendor\laravel\framework\src\Illuminate\Container\Container.php:507}()
#14 C:\wamp\www\laravel5\vendor\laravel\framework\src\Illuminate\Foundation\Application.php(757): Illuminate\Container\Container->call()
#15 C:\wamp\www\laravel5\vendor\laravel\framework\src\Illuminate\Foundation\Application.php(740): Illuminate\Foundation\Application->bootProvider()
#16 C:\wamp\www\laravel5\vendor\laravel\framework\src\Illuminate\Foundation\Application.php(741): Illuminate\Foundation\Application->Illuminate\Foundation\{closure}()
#17 C:\wamp\www\laravel5\vendor\laravel\framework\src\Illuminate\Foundation\Application.php(741): array_walk()
#18 C:\wamp\www\laravel5\vendor\laravel\framework\src\Illuminate\Foundation\Bootstrap\BootProviders.php(17): Illuminate\Foundation\Application->boot()
#19 C:\wamp\www\laravel5\vendor\laravel\framework\src\Illuminate\Foundation\Application.php(203): Illuminate\Foundation\Bootstrap\BootProviders->bootstrap()
#20 C:\wamp\www\laravel5\vendor\laravel\framework\src\Illuminate\Foundation\Http\Kernel.php(232): Illuminate\Foundation\Application->bootstrapWith()
#21 C:\wamp\www\laravel5\vendor\laravel\framework\src\Illuminate\Foundation\Http\Kernel.php(127): Illuminate\Foundation\Http\Kernel->bootstrap()
#22 C:\wamp\www\laravel5\vendor\laravel\framework\src\Illuminate\Foundation\Http\Kernel.php(99): Illuminate\Foundation\Http\Kernel->sendRequestThroughRouter()
#23 C:\wamp\www\laravel5\public\index.php(54): Illuminate\Foundation\Http\Kernel->handle()
#24 C:\wamp\www\laravel5\public\index.php(0): {main}()
#25 {main}  
[2018-07-02 16:13:48] local.ERROR: exception 'InvalidArgumentException' with message 'View [test] not found.' in C:\wamp\www\laravel5\vendor\laravel\framework\src\Illuminate\View\FileViewFinder.php:137
Stack trace:
#0 C:\wamp\www\laravel5\vendor\laravel\framework\src\Illuminate\View\FileViewFinder.php(79): Illuminate\View\FileViewFinder->findInPaths('test', Array)
#1 C:\wamp\www\laravel5\vendor\laravel\framework\src\Illuminate\View\Factory.php(165): Illuminate\View\FileViewFinder->find('test')
#2 C:\wamp\www\laravel5\vendor\laravel\framework\src\Illuminate\Foundation\helpers.php(779): Illuminate\View\Factory->make('test', Array, Array)
#3 C:\wamp\www\laravel5\app\Http\routes.php(16): view('test')
#4 [internal function]: App\Providers\RouteServiceProvider->{closure}()
#5 C:\wamp\www\laravel5\vendor\laravel\framework\src\Illuminate\Routing\Route.php(158): call_user_func_array(Object(Closure), Array)
#6 C:\wamp\www\laravel5\vendor\laravel\framework\src\Illuminate\Routing\Route.php(137): Illuminate\Routing\Route->runCallable(Object(Illuminate\Http\Request))
#7 C:\wamp\www\laravel5\vendor\laravel\framework\src\Illuminate\Routing\Router.php(724): Illuminate\Routing\Route->run(Object(Illuminate\Http\Request))
#8 [internal function]: Illuminate\Routing\Router->Illuminate\Routing\{closure}(Object(Illuminate\Http\Request))
#9 C:\wamp\www\laravel5\vendor\laravel\framework\src\Illuminate\Routing\Pipeline.php(52): call_user_func(Object(Closure), Object(Illuminate\Http\Request))
#10 C:\wamp\www\laravel5\vendor\laravel\framework\src\Illuminate\Foundation\Http\Middleware\VerifyCsrfToken.php(64): Illuminate\Routing\Pipeline->Illuminate\Routing\{closure}(Object(Illuminate\Http\Request))
#11 [internal function]: Illuminate\Foundation\Http\Middleware\VerifyCsrfToken->handle(Object(Illuminate\Http\Request), Object(Closure))
#12 C:\wamp\www\laravel5\vendor\laravel\framework\src\Illuminate\Pipeline\Pipeline.php(136): call_user_func_array(Array, Array)
#13 [internal function]: Illuminate\Pipeline\Pipeline->Illuminate\Pipeline\{closure}(Object(Illuminate\Http\Request))
#14 C:\wamp\www\laravel5\vendor\laravel\framework\src\Illuminate\Routing\Pipeline.php(32): call_user_func(Object(Closure), Object(Illuminate\Http\Request))
#15 C:\wamp\www\laravel5\vendor\laravel\framework\src\Illuminate\View\Middleware\ShareErrorsFromSession.php(49): Illuminate\Routing\Pipeline->Illuminate\Routing\{closure}(Object(Illuminate\Http\Request))
#16 [internal function]: Illuminate\View\Middleware\ShareErrorsFromSession->handle(Object(Illuminate\Http\Request), Object(Closure))
#17 C:\wamp\www\laravel5\vendor\laravel\framework\src\Illuminate\Pipeline\Pipeline.php(136): call_user_func_array(Array, Array)
#18 [internal function]: Illuminate\Pipeline\Pipeline->Illuminate\Pipeline\{closure}(Object(Illuminate\Http\Request))
#19 C:\wamp\www\laravel5\vendor\laravel\framework\src\Illuminate\Routing\Pipeline.php(32): call_user_func(Object(Closure), Object(Illuminate\Http\Request))
#20 C:\wamp\www\laravel5\vendor\laravel\framework\src\Illuminate\Session\Middleware\StartSession.php(64): Illuminate\Routing\Pipeline->Illuminate\Routing\{closure}(Object(Illuminate\Http\Request))
#21 [internal function]: Illuminate\Session\Middleware\StartSession->handle(Object(Illuminate\Http\Request), Object(Closure))
#22 C:\wamp\www\laravel5\vendor\laravel\framework\src\Illuminate\Pipeline\Pipeline.php(136): call_user_func_array(Array, Array)
#23 [internal function]: Illuminate\Pipeline\Pipeline->Illuminate\Pipeline\{closure}(Object(Illuminate\Http\Request))
#24 C:\wamp\www\laravel5\vendor\laravel\framework\src\Illuminate\Routing\Pipeline.php(32): call_user_func(Object(Closure), Object(Illuminate\Http\Request))
#25 C:\wamp\www\laravel5\vendor\laravel\framework\src\Illuminate\Cookie\Middleware\AddQueuedCookiesToResponse.php(37): Illuminate\Routing\Pipeline->Illuminate\Routing\{closure}(Object(Illuminate\Http\Request))
#26 [internal function]: Illuminate\Cookie\Middleware\AddQueuedCookiesToResponse->handle(Object(Illuminate\Http\Request), Object(Closure))
#27 C:\wamp\www\laravel5\vendor\laravel\framework\src\Illuminate\Pipeline\Pipeline.php(136): call_user_func_array(Array, Array)
#28 [internal function]: Illuminate\Pipeline\Pipeline->Illuminate\Pipeline\{closure}(Object(Illuminate\Http\Request))
#29 C:\wamp\www\laravel5\vendor\laravel\framework\src\Illuminate\Routing\Pipeline.php(32): call_user_func(Object(Closure), Object(Illuminate\Http\Request))
#30 C:\wamp\www\laravel5\vendor\laravel\framework\src\Illuminate\Cookie\Middleware\EncryptCookies.php(59): Illuminate\Routing\Pipeline->Illuminate\Routing\{closure}(Object(Illuminate\Http\Request))
#31 [internal function]: Illuminate\Cookie\Middleware\EncryptCookies->handle(Object(Illuminate\Http\Request), Object(Closure))
#32 C:\wamp\www\laravel5\vendor\laravel\framework\src\Illuminate\Pipeline\Pipeline.php(136): call_user_func_array(Array, Array)
#33 [internal function]: Illuminate\Pipeline\Pipeline->Illuminate\Pipeline\{closure}(Object(Illuminate\Http\Request))
#34 C:\wamp\www\laravel5\vendor\laravel\framework\src\Illuminate\Routing\Pipeline.php(32): call_user_func(Object(Closure), Object(Illuminate\Http\Request))
#35 [internal function]: Illuminate\Routing\Pipeline->Illuminate\Routing\{closure}(Object(Illuminate\Http\Request))
#36 C:\wamp\www\laravel5\vendor\laravel\framework\src\Illuminate\Pipeline\Pipeline.php(103): call_user_func(Object(Closure), Object(Illuminate\Http\Request))
#37 C:\wamp\www\laravel5\vendor\laravel\framework\src\Illuminate\Routing\Router.php(726): Illuminate\Pipeline\Pipeline->then(Object(Closure))
#38 C:\wamp\www\laravel5\vendor\laravel\framework\src\Illuminate\Routing\Router.php(699): Illuminate\Routing\Router->runRouteWithinStack(Object(Illuminate\Routing\Route), Object(Illuminate\Http\Request))
#39 C:\wamp\www\laravel5\vendor\laravel\framework\src\Illuminate\Routing\Router.php(675): Illuminate\Routing\Router->dispatchToRoute(Object(Illuminate\Http\Request))
#40 C:\wamp\www\laravel5\vendor\laravel\framework\src\Illuminate\Foundation\Http\Kernel.php(246): Illuminate\Routing\Router->dispatch(Object(Illuminate\Http\Request))
#41 [internal function]: Illuminate\Foundation\Http\Kernel->Illuminate\Foundation\Http\{closure}(Object(Illuminate\Http\Request))
#42 C:\wamp\www\laravel5\vendor\laravel\framework\src\Illuminate\Routing\Pipeline.php(52): call_user_func(Object(Closure), Object(Illuminate\Http\Request))
#43 C:\wamp\www\laravel5\vendor\laravel\framework\src\Illuminate\Foundation\Http\Middleware\CheckForMaintenanceMode.php(44): Illuminate\Routing\Pipeline->Illuminate\Routing\{closure}(Object(Illuminate\Http\Request))
#44 [internal function]: Illuminate\Foundation\Http\Middleware\CheckForMaintenanceMode->handle(Object(Illuminate\Http\Request), Object(Closure))
#45 C:\wamp\www\laravel5\vendor\laravel\framework\src\Illuminate\Pipeline\Pipeline.php(136): call_user_func_array(Array, Array)
#46 [internal function]: Illuminate\Pipeline\Pipeline->Illuminate\Pipeline\{closure}(Object(Illuminate\Http\Request))
#47 C:\wamp\www\laravel5\vendor\laravel\framework\src\Illuminate\Routing\Pipeline.php(32): call_user_func(Object(Closure), Object(Illuminate\Http\Request))
#48 [internal function]: Illuminate\Routing\Pipeline->Illuminate\Routing\{closure}(Object(Illuminate\Http\Request))
#49 C:\wamp\www\laravel5\vendor\laravel\framework\src\Illuminate\Pipeline\Pipeline.php(103): call_user_func(Object(Closure), Object(Illuminate\Http\Request))
#50 C:\wamp\www\laravel5\vendor\laravel\framework\src\Illuminate\Foundation\Http\Kernel.php(132): Illuminate\Pipeline\Pipeline->then(Object(Closure))
#51 C:\wamp\www\laravel5\vendor\laravel\framework\src\Illuminate\Foundation\Http\Kernel.php(99): Illuminate\Foundation\Http\Kernel->sendRequestThroughRouter(Object(Illuminate\Http\Request))
#52 C:\wamp\www\laravel5\public\index.php(54): Illuminate\Foundation\Http\Kernel->handle(Object(Illuminate\Http\Request))
#53 {main}  
[2018-07-02 16:13:54] local.ERROR: exception 'InvalidArgumentException' with message 'View [test] not found.' in C:\wamp\www\laravel5\vendor\laravel\framework\src\Illuminate\View\FileViewFinder.php:137
Stack trace:
#0 C:\wamp\www\laravel5\vendor\laravel\framework\src\Illuminate\View\FileViewFinder.php(79): Illuminate\View\FileViewFinder->findInPaths('test', Array)
#1 C:\wamp\www\laravel5\vendor\laravel\framework\src\Illuminate\View\Factory.php(165): Illuminate\View\FileViewFinder->find('test')
#2 C:\wamp\www\laravel5\vendor\laravel\framework\src\Illuminate\Foundation\helpers.php(779): Illuminate\View\Factory->make('test', Array, Array)
#3 C:\wamp\www\laravel5\app\Http\routes.php(16): view('test')
#4 [internal function]: App\Providers\RouteServiceProvider->{closure}()
#5 C:\wamp\www\laravel5\vendor\laravel\framework\src\Illuminate\Routing\Route.php(158): call_user_func_array(Object(Closure), Array)
#6 C:\wamp\www\laravel5\vendor\laravel\framework\src\Illuminate\Routing\Route.php(137): Illuminate\Routing\Route->runCallable(Object(Illuminate\Http\Request))
#7 C:\wamp\www\laravel5\vendor\laravel\framework\src\Illuminate\Routing\Router.php(724): Illuminate\Routing\Route->run(Object(Illuminate\Http\Request))
#8 [internal function]: Illuminate\Routing\Router->Illuminate\Routing\{closure}(Object(Illuminate\Http\Request))
#9 C:\wamp\www\laravel5\vendor\laravel\framework\src\Illuminate\Routing\Pipeline.php(52): call_user_func(Object(Closure), Object(Illuminate\Http\Request))
#10 C:\wamp\www\laravel5\vendor\laravel\framework\src\Illuminate\Foundation\Http\Middleware\VerifyCsrfToken.php(64): Illuminate\Routing\Pipeline->Illuminate\Routing\{closure}(Object(Illuminate\Http\Request))
#11 [internal function]: Illuminate\Foundation\Http\Middleware\VerifyCsrfToken->handle(Object(Illuminate\Http\Request), Object(Closure))
#12 C:\wamp\www\laravel5\vendor\laravel\framework\src\Illuminate\Pipeline\Pipeline.php(136): call_user_func_array(Array, Array)
#13 [internal function]: Illuminate\Pipeline\Pipeline->Illuminate\Pipeline\{closure}(Object(Illuminate\Http\Request))
#14 C:\wamp\www\laravel5\vendor\laravel\framework\src\Illuminate\Routing\Pipeline.php(32): call_user_func(Object(Closure), Object(Illuminate\Http\Request))
#15 C:\wamp\www\laravel5\vendor\laravel\framework\src\Illuminate\View\Middleware\ShareErrorsFromSession.php(49): Illuminate\Routing\Pipeline->Illuminate\Routing\{closure}(Object(Illuminate\Http\Request))
#16 [internal function]: Illuminate\View\Middleware\ShareErrorsFromSession->handle(Object(Illuminate\Http\Request), Object(Closure))
#17 C:\wamp\www\laravel5\vendor\laravel\framework\src\Illuminate\Pipeline\Pipeline.php(136): call_user_func_array(Array, Array)
#18 [internal function]: Illuminate\Pipeline\Pipeline->Illuminate\Pipeline\{closure}(Object(Illuminate\Http\Request))
#19 C:\wamp\www\laravel5\vendor\laravel\framework\src\Illuminate\Routing\Pipeline.php(32): call_user_func(Object(Closure), Object(Illuminate\Http\Request))
#20 C:\wamp\www\laravel5\vendor\laravel\framework\src\Illuminate\Session\Middleware\StartSession.php(64): Illuminate\Routing\Pipeline->Illuminate\Routing\{closure}(Object(Illuminate\Http\Request))
#21 [internal function]: Illuminate\Session\Middleware\StartSession->handle(Object(Illuminate\Http\Request), Object(Closure))
#22 C:\wamp\www\laravel5\vendor\laravel\framework\src\Illuminate\Pipeline\Pipeline.php(136): call_user_func_array(Array, Array)
#23 [internal function]: Illuminate\Pipeline\Pipeline->Illuminate\Pipeline\{closure}(Object(Illuminate\Http\Request))
#24 C:\wamp\www\laravel5\vendor\laravel\framework\src\Illuminate\Routing\Pipeline.php(32): call_user_func(Object(Closure), Object(Illuminate\Http\Request))
#25 C:\wamp\www\laravel5\vendor\laravel\framework\src\Illuminate\Cookie\Middleware\AddQueuedCookiesToResponse.php(37): Illuminate\Routing\Pipeline->Illuminate\Routing\{closure}(Object(Illuminate\Http\Request))
#26 [internal function]: Illuminate\Cookie\Middleware\AddQueuedCookiesToResponse->handle(Object(Illuminate\Http\Request), Object(Closure))
#27 C:\wamp\www\laravel5\vendor\laravel\framework\src\Illuminate\Pipeline\Pipeline.php(136): call_user_func_array(Array, Array)
#28 [internal function]: Illuminate\Pipeline\Pipeline->Illuminate\Pipeline\{closure}(Object(Illuminate\Http\Request))
#29 C:\wamp\www\laravel5\vendor\laravel\framework\src\Illuminate\Routing\Pipeline.php(32): call_user_func(Object(Closure), Object(Illuminate\Http\Request))
#30 C:\wamp\www\laravel5\vendor\laravel\framework\src\Illuminate\Cookie\Middleware\EncryptCookies.php(59): Illuminate\Routing\Pipeline->Illuminate\Routing\{closure}(Object(Illuminate\Http\Request))
#31 [internal function]: Illuminate\Cookie\Middleware\EncryptCookies->handle(Object(Illuminate\Http\Request), Object(Closure))
#32 C:\wamp\www\laravel5\vendor\laravel\framework\src\Illuminate\Pipeline\Pipeline.php(136): call_user_func_array(Array, Array)
#33 [internal function]: Illuminate\Pipeline\Pipeline->Illuminate\Pipeline\{closure}(Object(Illuminate\Http\Request))
#34 C:\wamp\www\laravel5\vendor\laravel\framework\src\Illuminate\Routing\Pipeline.php(32): call_user_func(Object(Closure), Object(Illuminate\Http\Request))
#35 [internal function]: Illuminate\Routing\Pipeline->Illuminate\Routing\{closure}(Object(Illuminate\Http\Request))
#36 C:\wamp\www\laravel5\vendor\laravel\framework\src\Illuminate\Pipeline\Pipeline.php(103): call_user_func(Object(Closure), Object(Illuminate\Http\Request))
#37 C:\wamp\www\laravel5\vendor\laravel\framework\src\Illuminate\Routing\Router.php(726): Illuminate\Pipeline\Pipeline->then(Object(Closure))
#38 C:\wamp\www\laravel5\vendor\laravel\framework\src\Illuminate\Routing\Router.php(699): Illuminate\Routing\Router->runRouteWithinStack(Object(Illuminate\Routing\Route), Object(Illuminate\Http\Request))
#39 C:\wamp\www\laravel5\vendor\laravel\framework\src\Illuminate\Routing\Router.php(675): Illuminate\Routing\Router->dispatchToRoute(Object(Illuminate\Http\Request))
#40 C:\wamp\www\laravel5\vendor\laravel\framework\src\Illuminate\Foundation\Http\Kernel.php(246): Illuminate\Routing\Router->dispatch(Object(Illuminate\Http\Request))
#41 [internal function]: Illuminate\Foundation\Http\Kernel->Illuminate\Foundation\Http\{closure}(Object(Illuminate\Http\Request))
#42 C:\wamp\www\laravel5\vendor\laravel\framework\src\Illuminate\Routing\Pipeline.php(52): call_user_func(Object(Closure), Object(Illuminate\Http\Request))
#43 C:\wamp\www\laravel5\vendor\laravel\framework\src\Illuminate\Foundation\Http\Middleware\CheckForMaintenanceMode.php(44): Illuminate\Routing\Pipeline->Illuminate\Routing\{closure}(Object(Illuminate\Http\Request))
#44 [internal function]: Illuminate\Foundation\Http\Middleware\CheckForMaintenanceMode->handle(Object(Illuminate\Http\Request), Object(Closure))
#45 C:\wamp\www\laravel5\vendor\laravel\framework\src\Illuminate\Pipeline\Pipeline.php(136): call_user_func_array(Array, Array)
#46 [internal function]: Illuminate\Pipeline\Pipeline->Illuminate\Pipeline\{closure}(Object(Illuminate\Http\Request))
#47 C:\wamp\www\laravel5\vendor\laravel\framework\src\Illuminate\Routing\Pipeline.php(32): call_user_func(Object(Closure), Object(Illuminate\Http\Request))
#48 [internal function]: Illuminate\Routing\Pipeline->Illuminate\Routing\{closure}(Object(Illuminate\Http\Request))
#49 C:\wamp\www\laravel5\vendor\laravel\framework\src\Illuminate\Pipeline\Pipeline.php(103): call_user_func(Object(Closure), Object(Illuminate\Http\Request))
#50 C:\wamp\www\laravel5\vendor\laravel\framework\src\Illuminate\Foundation\Http\Kernel.php(132): Illuminate\Pipeline\Pipeline->then(Object(Closure))
#51 C:\wamp\www\laravel5\vendor\laravel\framework\src\Illuminate\Foundation\Http\Kernel.php(99): Illuminate\Foundation\Http\Kernel->sendRequestThroughRouter(Object(Illuminate\Http\Request))
#52 C:\wamp\www\laravel5\public\index.php(54): Illuminate\Foundation\Http\Kernel->handle(Object(Illuminate\Http\Request))
#53 {main}  
